<?xml version="1.0" encoding="UTF-8"?>
<!-- Generated by org.testng.reporters.JUnitReportReporter -->
<testsuite hostname="DESKTOP-8RNOGRT" failures="0" tests="1" name="com.dolibarr.erp.customertest.CreateContractAndValidateAndActivateContractForCustomerTest" time="34.689" errors="0" timestamp="2024-06-05T10:50:32 IST" skipped="0">
  <testcase classname="com.dolibarr.erp.customertest.CreateContractAndValidateAndActivateContractForCustomerTest" name="createContract" time="34.689">
    <system-out>
      <![CDATA[Draftstatus is verified
Not runningstatus is verified
Runningstatus is verified]]>
    </system-out>
  </testcase> <!-- createContract -->
  <system-out>
    <![CDATA[Draftstatus is verified
Not runningstatus is verified
Runningstatus is verified]]>
  </system-out>
</testsuite> <!-- com.dolibarr.erp.customertest.CreateContractAndValidateAndActivateContractForCustomerTest -->
