<?xml version="1.0" encoding="UTF-8"?>
<!-- Generated by org.testng.reporters.JUnitReportReporter -->
<testsuite hostname="DESKTOP-A4C41UP" failures="0" tests="1" name="com.dolibarr.erp.creategroupanduser.CreateUserandGroupForProductionTest" time="10.048" errors="0" timestamp="2024-06-08T22:16:01 IST" skipped="0">
  <testcase classname="com.dolibarr.erp.creategroupanduser.CreateUserandGroupForProductionTest" name="createUserandGroupForProduction" time="10.048"/>
</testsuite> <!-- com.dolibarr.erp.creategroupanduser.CreateUserandGroupForProductionTest -->
