<?xml version="1.0" encoding="UTF-8"?>
<!-- Generated by org.testng.reporters.JUnitReportReporter -->
<testsuite hostname="DESKTOP-A4C41UP" failures="0" tests="1" name="com.dolibarr.erp.creategroupanduserforsales.CreateUserandGroupandVerifyForStocksTest" time="19.140" errors="0" timestamp="2024-06-06T20:41:34 IST" skipped="0">
  <testcase classname="com.dolibarr.erp.creategroupanduserforsales.CreateUserandGroupandVerifyForStocksTest" name="createUserandGroupForStocks" time="19.140"/>
</testsuite> <!-- com.dolibarr.erp.creategroupanduserforsales.CreateUserandGroupandVerifyForStocksTest -->
