<?xml version="1.0" encoding="UTF-8"?>
<!-- Generated by org.testng.reporters.JUnitReportReporter -->
<testsuite hostname="DESKTOP-A4C41UP" failures="0" tests="1" name="com.dolibarr.erp.creategroupanduser.CreateNewManufacturingOrderForMRPTest" time="5.889" errors="0" timestamp="2024-06-08T22:34:07 IST" skipped="0">
  <testcase classname="com.dolibarr.erp.creategroupanduser.CreateNewManufacturingOrderForMRPTest" name="createNewManufacturingOrderForMRP" time="5.889"/>
</testsuite> <!-- com.dolibarr.erp.creategroupanduser.CreateNewManufacturingOrderForMRPTest -->
