<?xml version="1.0" encoding="UTF-8"?>
<!-- Generated by org.testng.reporters.JUnitReportReporter -->
<testsuite hostname="DESKTOP-PR275NH" failures="0" tests="2" name="com.dolibarr.erp.prospectTest.CreateProspectTest" time="34.260" errors="0" timestamp="2024-06-10T00:18:58 IST" skipped="1">
  <testcase classname="com.dolibarr.erp.prospectTest.CreateProspectTest" name="CreateInvoiceAndPaymentAndValidateForProspect" time="34.260"/>
  <testcase classname="com.dolibarr.erp.prospectTest.CreateProspectTest" name="createProspect">
    <skipped/>
  </testcase> <!-- createProspect -->
</testsuite> <!-- com.dolibarr.erp.prospectTest.CreateProspectTest -->
