<?xml version="1.0" encoding="UTF-8"?>
<!-- Generated by org.testng.reporters.JUnitReportReporter -->
<testsuite hostname="DESKTOP-A4C41UP" failures="0" tests="1" name="com.dolibarr.erp.creategroupanduserforsales.CreateUserandGroupandVerifyForSalesTest" time="21.095" errors="0" timestamp="2024-06-05T18:19:33 IST" skipped="0">
  <testcase classname="com.dolibarr.erp.creategroupanduserforsales.CreateUserandGroupandVerifyForSalesTest" name="createUserandGroupForSales" time="21.095"/>
</testsuite> <!-- com.dolibarr.erp.creategroupanduserforsales.CreateUserandGroupandVerifyForSalesTest -->
