<?xml version="1.0" encoding="UTF-8"?>
<!-- Generated by org.testng.reporters.JUnitReportReporter -->
<testsuite hostname="DESKTOP-A4C41UP" failures="0" tests="1" name="com.dolibarr.erp.creategroupanduser.CreateUserandGroupandVerifyForSalesTest" time="9.950" errors="0" timestamp="2024-06-08T22:10:44 IST" skipped="0">
  <testcase classname="com.dolibarr.erp.creategroupanduser.CreateUserandGroupandVerifyForSalesTest" name="createUserandGroupForSales" time="9.950"/>
</testsuite> <!-- com.dolibarr.erp.creategroupanduser.CreateUserandGroupandVerifyForSalesTest -->
