<?xml version="1.0" encoding="UTF-8"?>
<!-- Generated by org.testng.reporters.JUnitReportReporter -->
<testsuite hostname="DESKTOP-A4C41UP" failures="0" tests="1" name="com.dolibarr.erp.creategroupanduser.CreateNewBillOfMaterialForMRPTest" time="11.912" errors="0" timestamp="2024-06-08T22:30:50 IST" skipped="0">
  <testcase classname="com.dolibarr.erp.creategroupanduser.CreateNewBillOfMaterialForMRPTest" name="CreateNewBillOfMaterialForMRP" time="11.912"/>
</testsuite> <!-- com.dolibarr.erp.creategroupanduser.CreateNewBillOfMaterialForMRPTest -->
