<?xml version="1.0" encoding="UTF-8"?>
<!-- Generated by org.testng.reporters.JUnitReportReporter -->
<testsuite hostname="DESKTOP-PR275NH" failures="0" tests="2" name="com.dolibarr.erp.products_and_services.ProductsAndServicesTest" time="116.181" errors="0" timestamp="2024-06-06T15:21:05 IST" skipped="0">
  <testcase classname="com.dolibarr.erp.products_and_services.ProductsAndServicesTest" name="CreateWarehouseAndProductAndVerify" time="87.884"/>
  <testcase classname="com.dolibarr.erp.products_and_services.ProductsAndServicesTest" name="CreateServicesAndVerifyInList" time="28.297"/>
</testsuite> <!-- com.dolibarr.erp.products_and_services.ProductsAndServicesTest -->
