<?xml version="1.0" encoding="UTF-8"?>
<!-- Generated by org.testng.reporters.JUnitReportReporter -->
<testsuite hostname="Anusha" failures="0" tests="1" name="com.dolibarr.erp.prospectTest.createProspectTest" time="13.996" errors="0" timestamp="2024-06-04T21:43:21 IST" skipped="0">
  <testcase classname="com.dolibarr.erp.prospectTest.createProspectTest" name="createProspect" time="13.996">
    <system-out>
      <![CDATA[Draft (needs to be validated)status is verified
Validated (proposal is open)status is verified]]>
    </system-out>
  </testcase> <!-- createProspect -->
  <system-out>
    <![CDATA[Draft (needs to be validated)status is verified
Validated (proposal is open)status is verified]]>
  </system-out>
</testsuite> <!-- com.dolibarr.erp.prospectTest.createProspectTest -->
