<?xml version="1.0" encoding="UTF-8"?>
<!-- Generated by org.testng.reporters.JUnitReportReporter -->
<testsuite hostname="DESKTOP-8RNOGRT" failures="0" tests="1" name="com.dolibarr.erp.customertest.CreateOrderAndValidateForCustomerTest" time="16.923" errors="0" timestamp="2024-06-05T11:38:41 IST" skipped="0">
  <testcase classname="com.dolibarr.erp.customertest.CreateOrderAndValidateForCustomerTest" name="createContract" time="16.923">
    <system-out>
      <![CDATA[Draft (needs to be validated)status is verified
Draft (needs to be validated)status is verified]]>
    </system-out>
  </testcase> <!-- createContract -->
  <system-out>
    <![CDATA[Draft (needs to be validated)status is verified
Draft (needs to be validated)status is verified]]>
  </system-out>
</testsuite> <!-- com.dolibarr.erp.customertest.CreateOrderAndValidateForCustomerTest -->
