<?xml version="1.0" encoding="UTF-8"?>
<!-- Generated by org.testng.reporters.JUnitReportReporter -->
<testsuite hostname="Anusha" failures="0" tests="1" name="com.dolibarr.erp.prospectTest.createOrderTest" time="13.426" errors="0" timestamp="2024-06-05T11:15:27 IST" skipped="0">
  <testcase classname="com.dolibarr.erp.prospectTest.createOrderTest" name="createOrder" time="13.426">
    <system-out>
      <![CDATA[Draft (needs to be validated)  status is verified
Validated  status is verified]]>
    </system-out>
  </testcase> <!-- createOrder -->
  <system-out>
    <![CDATA[Draft (needs to be validated)  status is verified
Validated  status is verified]]>
  </system-out>
</testsuite> <!-- com.dolibarr.erp.prospectTest.createOrderTest -->
