<?xml version="1.0" encoding="UTF-8"?>
<!-- Generated by org.testng.reporters.JUnitReportReporter -->
<testsuite hostname="Anusha" failures="0" tests="1" name="com.dolibarr.erp.prospectTest.createContractandActivateConTest" time="11.151" errors="0" timestamp="2024-06-05T11:05:17 IST" skipped="0">
  <testcase classname="com.dolibarr.erp.prospectTest.createContractandActivateConTest" name="createContractandActivateConTest" time="11.151">
    <system-out>
      <![CDATA[Draft    status is verified
Not running    verified
Running  verified]]>
    </system-out>
  </testcase> <!-- createContractandActivateConTest -->
  <system-out>
    <![CDATA[Draft    status is verified
Not running    verified
Running  verified]]>
  </system-out>
</testsuite> <!-- com.dolibarr.erp.prospectTest.createContractandActivateConTest -->
