<?xml version="1.0" encoding="UTF-8"?>
<!-- Generated by org.testng.reporters.JUnitReportReporter -->
<testsuite hostname="DESKTOP-8RNOGRT" failures="0" tests="1" name="com.dolibarr.erp.customertest.CreateNewCustomerWithNewProposalAndValidateProposalTest" time="17.200" errors="0" timestamp="2024-06-04T11:21:30 IST" skipped="0">
  <testcase classname="com.dolibarr.erp.customertest.CreateNewCustomerWithNewProposalAndValidateProposalTest" name="createNewCustomer" time="17.200"/>
</testsuite> <!-- com.dolibarr.erp.customertest.CreateNewCustomerWithNewProposalAndValidateProposalTest -->
