<?xml version="1.0" encoding="UTF-8"?>
<!-- Generated by org.testng.reporters.JUnitReportReporter -->
<testsuite hostname="DESKTOP-PR275NH" failures="0" tests="2" name="com.dolibarr.erp.products_and_services.ProductsAndServicesTest" time="103.957" errors="0" timestamp="2024-06-05T18:15:05 IST" skipped="0">
  <testcase classname="com.dolibarr.erp.products_and_services.ProductsAndServicesTest" name="CreateServicesAndVerifyInList" time="42.866"/>
  <testcase classname="com.dolibarr.erp.products_and_services.ProductsAndServicesTest" name="CreateWarehouseAndProductAndVerify" time="61.091"/>
</testsuite> <!-- com.dolibarr.erp.products_and_services.ProductsAndServicesTest -->
