<?xml version="1.0" encoding="UTF-8"?>
<!-- Generated by org.testng.reporters.JUnitReportReporter -->
<testsuite hostname="DESKTOP-PR275NH" failures="0" tests="2" name="com.dolibarr.erp.products_and_services_test.ProductsAndServicesTest" time="102.680" errors="0" timestamp="2024-06-09T23:27:13 IST" skipped="0">
  <testcase classname="com.dolibarr.erp.products_and_services_test.ProductsAndServicesTest" name="CreateServicesAndVerifyInList" time="41.921"/>
  <testcase classname="com.dolibarr.erp.products_and_services_test.ProductsAndServicesTest" name="CreateWarehouseAndProductAndVerify" time="60.759"/>
</testsuite> <!-- com.dolibarr.erp.products_and_services_test.ProductsAndServicesTest -->
